=== [1/4] RMA (justRMA on 683 CELs) ===
Warning messages:
1: replacing previous import ‘AnnotationDbi::tail’ by ‘utils::tail’ when loading ‘rat2302cdf’ 
2: replacing previous import ‘AnnotationDbi::head’ by ‘utils::head’ when loading ‘rat2302cdf’ 
RMA on 683 CEL files ...
Background correcting
Normalizing
Calculating Expression
wrote data/expression/tggates_liver_rma.tsv : 31099 probes x 683 samples
=== [2/4] build TG-GATEs signatures ===
RMA matrix: 31099 probes x 683 samples | manifest matched: 683
wrote tggates_liver_logfc.parquet: 121 compounds x 31099 probes
logFC range -5.42..7.49 median|logFC| 0.178
=== [3/4] ComBat merge + validation ===
Matplotlib is building the font cache; this may take a moment.
DrugMatrix (177, 31099) | TG-GATEs (121, 31099) | shared probes 31099
overlap compounds (ComBat validation): 42 | new from TG-GATEs: 79

ComBat validation (mean DM-vs-TG signature corr on 42 shared compounds):
  before = +0.1789   after = +0.3778   (improved)

wrote combined_logfc.parquet: 256 compounds x 31099 probes
  DrugMatrix 177 + TG-GATEs-new 79 = 256
  actives/assay: {'NR-AR': 30, 'NR-AR-LBD': 27, 'NR-AhR': 39, 'NR-Aromatase': 29, 'NR-ER': 49, 'NR-ER-LBD': 25, 'NR-PPAR-gamma': 16, 'SR-ARE': 58, 'SR-ATAD5': 19, 'SR-HSE': 22, 'SR-MMP': 47, 'SR-p53': 39}
=== [4/4] combined N=256 experiment ===
=== N=256 (combined, post-ComBat) ===
--- N=177 (DrugMatrix only, reference) ---

=== per-assay GE benefit: N=177 -> N=256 ===
        assay panel  dAUC_177  dAUC_256  grew
        NR-AR    NR   -0.0101    0.0035  True
    NR-AR-LBD    NR   -0.0175    0.0446  True
       NR-AhR    NR   -0.0058   -0.0081 False
 NR-Aromatase    NR   -0.0266   -0.0063  True
        NR-ER    NR    0.0267   -0.0320 False
    NR-ER-LBD    NR   -0.0276   -0.0718 False
NR-PPAR-gamma    NR    0.0481   -0.0065 False
       SR-ARE    SR    0.0174   -0.0344 False
     SR-ATAD5    SR    0.0047    0.0316  True
       SR-HSE    SR    0.0131   -0.0768 False
       SR-MMP    SR    0.0416    0.0488  True
       SR-p53    SR    0.0483    0.0361 False

MACRO fusion AUC : 177=0.7659  ->  256=0.7517
SR-panel dAUC    : 177=+0.0250  ->  256=+0.0011  (shrank)
NR-panel dAUC    : 177=-0.0018  ->  256=-0.0109
SR-vs-NR @256    : Mann-Whitney U=20.0, one-sided p=0.3775

wrote /Users/sunhwang/Downloads/training_data/data/results/results_combined.csv
=== PLAN A DONE ===
